<?xml version="1.0" encoding="UTF-8"?>
<testsuites name="Mocha Tests" time="10.517" tests="5" failures="0">
  <testsuite name="Root Suite" timestamp="2019-06-13T23:49:56" tests="0" failures="0" time="0">
  </testsuite>
  <testsuite name="Unsuccessful signup feature" timestamp="2019-06-13T23:49:56" tests="5" failures="0" time="10.517">
    <testcase name="Unsuccessful signup feature User cannot sign up with a invalid user name or password" time="3.881" classname="User cannot sign up with a invalid user name or password">
    </testcase>
    <testcase name="Unsuccessful signup feature User cannot sign up with a invalid user name or password" time="1.547" classname="User cannot sign up with a invalid user name or password">
    </testcase>
    <testcase name="Unsuccessful signup feature User cannot sign up with a invalid user name or password" time="1.676" classname="User cannot sign up with a invalid user name or password">
    </testcase>
    <testcase name="Unsuccessful signup feature User cannot sign up with a invalid user name or password" time="1.708" classname="User cannot sign up with a invalid user name or password">
    </testcase>
    <testcase name="Unsuccessful signup feature User cannot sign up with a invalid user name or password" time="1.705" classname="User cannot sign up with a invalid user name or password">
    </testcase>
  </testsuite>
</testsuites>