<?xml version="1.0" encoding="UTF-8"?>
<testsuites name="Mocha Tests" time="12.421" tests="5" failures="0">
  <testsuite name="Root Suite" timestamp="2019-06-14T02:53:48" tests="0" failures="0" time="0">
  </testsuite>
  <testsuite name="Unsuccessful signup feature" timestamp="2019-06-14T02:53:48" tests="5" failures="0" time="12.421">
    <testcase name="Unsuccessful signup feature User cannot sign up with a invalid user name or password" time="4.254" classname="User cannot sign up with a invalid user name or password">
    </testcase>
    <testcase name="Unsuccessful signup feature User cannot sign up with a invalid user name or password" time="1.783" classname="User cannot sign up with a invalid user name or password">
    </testcase>
    <testcase name="Unsuccessful signup feature User cannot sign up with a invalid user name or password" time="1.702" classname="User cannot sign up with a invalid user name or password">
    </testcase>
    <testcase name="Unsuccessful signup feature User cannot sign up with a invalid user name or password" time="1.999" classname="User cannot sign up with a invalid user name or password">
    </testcase>
    <testcase name="Unsuccessful signup feature User cannot sign up with a invalid user name or password" time="2.683" classname="User cannot sign up with a invalid user name or password">
    </testcase>
  </testsuite>
</testsuites>