<?xml version="1.0" encoding="UTF-8"?>
<testsuites name="Mocha Tests" time="0" tests="1" failures="1">
  <testsuite name="Root Suite" timestamp="2019-06-14T02:49:01" tests="0" failures="0" time="0">
  </testsuite>
  <testsuite name="Unsuccessful signup feature" timestamp="2019-06-14T02:49:01" tests="1" failures="1" time="0">
    <testcase name="Unsuccessful signup feature User cannot sign up with a invalid user name or password" time="0" classname="User cannot sign up with a invalid user name or password">
      <failure message="Step implementation missing for: I am on the sign up page" type="Error"><![CDATA[Error: Step implementation missing for: I am on the sign up page
    at Context.resolveAndRunStepDefinition (https://welcome.kapten.com/__cypress/tests?p=cypress/integration/sign-up/sign-up-phone.feature-166:5925:11)
    at Context.stepTest (https://welcome.kapten.com/__cypress/tests?p=cypress/integration/sign-up/sign-up-phone.feature-166:5679:31)
    at https://welcome.kapten.com/__cypress/tests?p=cypress/integration/sign-up/sign-up-phone.feature-166:5724:47
    at Array.forEach (<anonymous>)
    at Context.<anonymous> (https://welcome.kapten.com/__cypress/tests?p=cypress/integration/sign-up/sign-up-phone.feature-166:5724:22)]]></failure>
    </testcase>
  </testsuite>
</testsuites>