<?xml version="1.0" encoding="UTF-8"?>
<testsuites name="Mocha Tests" time="12.387" tests="5" failures="0">
  <testsuite name="Root Suite" timestamp="2019-06-14T02:31:09" tests="0" failures="0" time="0">
  </testsuite>
  <testsuite name="Unsuccessful signup feature" timestamp="2019-06-14T02:31:09" tests="5" failures="0" time="12.387">
    <testcase name="Unsuccessful signup feature User cannot sign up with a invalid user name or password" time="4.951" classname="User cannot sign up with a invalid user name or password">
    </testcase>
    <testcase name="Unsuccessful signup feature User cannot sign up with a invalid user name or password" time="2.115" classname="User cannot sign up with a invalid user name or password">
    </testcase>
    <testcase name="Unsuccessful signup feature User cannot sign up with a invalid user name or password" time="1.725" classname="User cannot sign up with a invalid user name or password">
    </testcase>
    <testcase name="Unsuccessful signup feature User cannot sign up with a invalid user name or password" time="1.886" classname="User cannot sign up with a invalid user name or password">
    </testcase>
    <testcase name="Unsuccessful signup feature User cannot sign up with a invalid user name or password" time="1.71" classname="User cannot sign up with a invalid user name or password">
    </testcase>
  </testsuite>
</testsuites>