<?xml version="1.0" encoding="UTF-8"?>
<testsuites name="Mocha Tests" time="0" tests="1" failures="1">
  <testsuite name="Root Suite" timestamp="2019-06-13T23:18:40" tests="0" failures="0" time="0">
  </testsuite>
  <testsuite name="Forget password feature" timestamp="2019-06-13T23:18:40" tests="1" failures="1" time="0">
    <testcase name="Forget password feature Forgot password feature works" time="0" classname="Forgot password feature works">
      <failure message="Step implementation missing for: I am on the sign in page" type="Error"><![CDATA[Error: Step implementation missing for: I am on the sign in page
    at Context.resolveAndRunStepDefinition (https://welcome.kapten.com/__cypress/tests?p=cypress/integration/forget-password/forget-password-feature.feature-739:5947:11)
    at Context.stepTest (https://welcome.kapten.com/__cypress/tests?p=cypress/integration/forget-password/forget-password-feature.feature-739:5701:31)
    at https://welcome.kapten.com/__cypress/tests?p=cypress/integration/forget-password/forget-password-feature.feature-739:5746:47
    at Array.forEach (<anonymous>)
    at Context.<anonymous> (https://welcome.kapten.com/__cypress/tests?p=cypress/integration/forget-password/forget-password-feature.feature-739:5746:22)]]></failure>
    </testcase>
  </testsuite>
</testsuites>