<?xml version="1.0" encoding="UTF-8"?>
<testsuites name="Mocha Tests" time="10.094999999999999" tests="2" failures="0">
  <testsuite name="Root Suite" timestamp="2019-06-13T23:16:06" tests="0" failures="0" time="0">
  </testsuite>
  <testsuite name="Unsuccessful signup feature" timestamp="2019-06-13T23:16:06" tests="2" failures="0" time="10.094999999999999">
    <testcase name="Unsuccessful signup feature User cannot sign up with a invalid user name or password" time="7.531" classname="User cannot sign up with a invalid user name or password">
    </testcase>
    <testcase name="Unsuccessful signup feature User cannot sign up with a invalid user name or password" time="2.564" classname="User cannot sign up with a invalid user name or password">
    </testcase>
  </testsuite>
</testsuites>