<?xml version="1.0" encoding="UTF-8"?>
<testsuites name="Mocha Tests" time="10.895" tests="5" failures="0">
  <testsuite name="Root Suite" timestamp="2019-06-14T01:23:51" tests="0" failures="0" time="0">
  </testsuite>
  <testsuite name="Unsuccessful signup feature" timestamp="2019-06-14T01:23:51" tests="5" failures="0" time="10.895">
    <testcase name="Unsuccessful signup feature User cannot sign up with a invalid user name or password" time="4.447" classname="User cannot sign up with a invalid user name or password">
    </testcase>
    <testcase name="Unsuccessful signup feature User cannot sign up with a invalid user name or password" time="1.569" classname="User cannot sign up with a invalid user name or password">
    </testcase>
    <testcase name="Unsuccessful signup feature User cannot sign up with a invalid user name or password" time="1.591" classname="User cannot sign up with a invalid user name or password">
    </testcase>
    <testcase name="Unsuccessful signup feature User cannot sign up with a invalid user name or password" time="1.765" classname="User cannot sign up with a invalid user name or password">
    </testcase>
    <testcase name="Unsuccessful signup feature User cannot sign up with a invalid user name or password" time="1.523" classname="User cannot sign up with a invalid user name or password">
    </testcase>
  </testsuite>
</testsuites>