<?xml version="1.0" encoding="UTF-8"?>
<testsuites name="Mocha Tests" time="10.99" tests="1" failures="0">
  <testsuite name="Root Suite" timestamp="2019-06-13T22:46:20" tests="0" failures="0" time="0">
  </testsuite>
  <testsuite name="Successful login feature" timestamp="2019-06-13T22:46:20" tests="1" failures="0" time="10.99">
    <testcase name="Successful login feature User can sign in with a valid user name and password" time="10.99" classname="User can sign in with a valid user name and password">
    </testcase>
  </testsuite>
</testsuites>