<?xml version="1.0" encoding="UTF-8"?>
<testsuites name="Mocha Tests" time="11.85" tests="5" failures="0">
  <testsuite name="Root Suite" timestamp="2019-06-14T03:01:38" tests="0" failures="0" time="0">
  </testsuite>
  <testsuite name="Unsuccessful signup feature" timestamp="2019-06-14T03:01:38" tests="5" failures="0" time="11.85">
    <testcase name="Unsuccessful signup feature User cannot sign up with a invalid user name or password" time="4.969" classname="User cannot sign up with a invalid user name or password">
    </testcase>
    <testcase name="Unsuccessful signup feature User cannot sign up with a invalid user name or password" time="1.79" classname="User cannot sign up with a invalid user name or password">
    </testcase>
    <testcase name="Unsuccessful signup feature User cannot sign up with a invalid user name or password" time="1.798" classname="User cannot sign up with a invalid user name or password">
    </testcase>
    <testcase name="Unsuccessful signup feature User cannot sign up with a invalid user name or password" time="1.67" classname="User cannot sign up with a invalid user name or password">
    </testcase>
    <testcase name="Unsuccessful signup feature User cannot sign up with a invalid user name or password" time="1.623" classname="User cannot sign up with a invalid user name or password">
    </testcase>
  </testsuite>
</testsuites>