<?xml version="1.0" encoding="UTF-8"?>
<testsuites name="Mocha Tests" time="11.853" tests="5" failures="0">
  <testsuite name="Root Suite" timestamp="2019-06-14T02:39:31" tests="0" failures="0" time="0">
  </testsuite>
  <testsuite name="Unsuccessful signup feature" timestamp="2019-06-14T02:39:31" tests="5" failures="0" time="11.853">
    <testcase name="Unsuccessful signup feature User cannot sign up with a invalid user name or password" time="4.822" classname="User cannot sign up with a invalid user name or password">
    </testcase>
    <testcase name="Unsuccessful signup feature User cannot sign up with a invalid user name or password" time="1.672" classname="User cannot sign up with a invalid user name or password">
    </testcase>
    <testcase name="Unsuccessful signup feature User cannot sign up with a invalid user name or password" time="1.763" classname="User cannot sign up with a invalid user name or password">
    </testcase>
    <testcase name="Unsuccessful signup feature User cannot sign up with a invalid user name or password" time="1.813" classname="User cannot sign up with a invalid user name or password">
    </testcase>
    <testcase name="Unsuccessful signup feature User cannot sign up with a invalid user name or password" time="1.783" classname="User cannot sign up with a invalid user name or password">
    </testcase>
  </testsuite>
</testsuites>