<?xml version="1.0" encoding="UTF-8"?>
<testsuites name="Mocha Tests" time="5.154" tests="1" failures="0">
  <testsuite name="Root Suite" timestamp="2019-06-13T23:14:15" tests="0" failures="0" time="0">
  </testsuite>
  <testsuite name="Unsuccessful signup feature" timestamp="2019-06-13T23:14:15" tests="1" failures="0" time="5.154">
    <testcase name="Unsuccessful signup feature User cannot sign up with a invalid user name or password" time="5.154" classname="User cannot sign up with a invalid user name or password">
    </testcase>
  </testsuite>
</testsuites>