<?xml version="1.0" encoding="UTF-8"?>
<testsuites name="Mocha Tests" time="0" tests="1" failures="1">
  <testsuite name="Root Suite" timestamp="2019-06-13T18:08:38" tests="0" failures="0" time="0">
  </testsuite>
  <testsuite name="Forget password feature" timestamp="2019-06-13T18:08:38" tests="1" failures="1" time="0">
    <testcase name="Forget password feature Forgot password feature works" time="0" classname="Forgot password feature works">
      <failure message="Step implementation missing for: I click on Forgotten password and I enter &apos;chirag1chirag@gmail.com&apos; and click on reset button" type="Error"><![CDATA[Error: Step implementation missing for: I click on Forgotten password and I enter 'chirag1chirag@gmail.com' and click on reset button
    at Context.resolveAndRunStepDefinition (https://welcome.kapten.com/__cypress/tests?p=cypress/integration/sign-in/feel-lucky.feature-256:6156:11)
    at Context.stepTest (https://welcome.kapten.com/__cypress/tests?p=cypress/integration/sign-in/feel-lucky.feature-256:5910:31)
    at https://welcome.kapten.com/__cypress/tests?p=cypress/integration/sign-in/feel-lucky.feature-256:5955:47
    at Array.forEach (<anonymous>)
    at Context.<anonymous> (https://welcome.kapten.com/__cypress/tests?p=cypress/integration/sign-in/feel-lucky.feature-256:5955:22)]]></failure>
    </testcase>
  </testsuite>
</testsuites>