<?xml version="1.0" encoding="UTF-8"?>
<testsuites name="Mocha Tests" time="0" tests="2" failures="2">
  <testsuite name="Root Suite" timestamp="2019-06-14T03:42:45" tests="0" failures="0" time="0">
  </testsuite>
  <testsuite name="Unsuccessful signup feature with already used phonenumber" timestamp="2019-06-14T03:42:45" tests="2" failures="2" time="0">
    <testcase name="Unsuccessful signup feature with already used phonenumber User cannot sign up with a already used phone number" time="0" classname="User cannot sign up with a already used phone number">
      <failure message="{tab} isn&apos;t a supported character sequence. You&apos;ll want to use the command cy.tab(), which is not ready yet, but when it is done that&apos;s what you&apos;ll use." type="CypressError"><![CDATA[CypressError: {tab} isn't a supported character sequence. You'll want to use the command cy.tab(), which is not ready yet, but when it is done that's what you'll use.
    at Object.cypressErr (https://welcome.kapten.com/__cypress/runner/cypress_runner.js:83220:11)
    at Object.throwErr (https://welcome.kapten.com/__cypress/runner/cypress_runner.js:83185:18)
    at Object.throwErrByPath (https://welcome.kapten.com/__cypress/runner/cypress_runner.js:83212:17)
    at Object.onNoMatchingSpecialChars (https://welcome.kapten.com/__cypress/runner/cypress_runner.js:70746:29)
    at Object.typeChars (https://welcome.kapten.com/__cypress/runner/cypress_runner.js:80105:40)
    at https://welcome.kapten.com/__cypress/runner/cypress_runner.js:80072:22
    at tryCatcher (https://welcome.kapten.com/__cypress/runner/cypress_runner.js:132142:23)
    at Object.gotValue (https://welcome.kapten.com/__cypress/runner/cypress_runner.js:131330:18)
    at Object.gotAccum (https://welcome.kapten.com/__cypress/runner/cypress_runner.js:131319:25)
    at Object.tryCatcher (https://welcome.kapten.com/__cypress/runner/cypress_runner.js:132142:23)
    at Promise._settlePromiseFromHandler (https://welcome.kapten.com/__cypress/runner/cypress_runner.js:130160:31)
    at Promise._settlePromise (https://welcome.kapten.com/__cypress/runner/cypress_runner.js:130217:18)
    at Promise._settlePromise0 (https://welcome.kapten.com/__cypress/runner/cypress_runner.js:130262:10)
    at Promise._settlePromises (https://welcome.kapten.com/__cypress/runner/cypress_runner.js:130341:18)
    at Async._drainQueue (https://welcome.kapten.com/__cypress/runner/cypress_runner.js:127066:16)
    at Async._drainQueues (https://welcome.kapten.com/__cypress/runner/cypress_runner.js:127076:10)]]></failure>
    </testcase>
    <testcase name="Unsuccessful signup feature with already used phonenumber User cannot sign up with a invalid phone number" time="0" classname="User cannot sign up with a invalid phone number">
      <failure message="{tab} isn&apos;t a supported character sequence. You&apos;ll want to use the command cy.tab(), which is not ready yet, but when it is done that&apos;s what you&apos;ll use." type="CypressError"><![CDATA[CypressError: {tab} isn't a supported character sequence. You'll want to use the command cy.tab(), which is not ready yet, but when it is done that's what you'll use.
    at Object.cypressErr (https://welcome.kapten.com/__cypress/runner/cypress_runner.js:83220:11)
    at Object.throwErr (https://welcome.kapten.com/__cypress/runner/cypress_runner.js:83185:18)
    at Object.throwErrByPath (https://welcome.kapten.com/__cypress/runner/cypress_runner.js:83212:17)
    at Object.onNoMatchingSpecialChars (https://welcome.kapten.com/__cypress/runner/cypress_runner.js:70746:29)
    at Object.typeChars (https://welcome.kapten.com/__cypress/runner/cypress_runner.js:80105:40)
    at https://welcome.kapten.com/__cypress/runner/cypress_runner.js:80072:22
    at tryCatcher (https://welcome.kapten.com/__cypress/runner/cypress_runner.js:132142:23)
    at Object.gotValue (https://welcome.kapten.com/__cypress/runner/cypress_runner.js:131330:18)
    at Object.gotAccum (https://welcome.kapten.com/__cypress/runner/cypress_runner.js:131319:25)
    at Object.tryCatcher (https://welcome.kapten.com/__cypress/runner/cypress_runner.js:132142:23)
    at Promise._settlePromiseFromHandler (https://welcome.kapten.com/__cypress/runner/cypress_runner.js:130160:31)
    at Promise._settlePromise (https://welcome.kapten.com/__cypress/runner/cypress_runner.js:130217:18)
    at Promise._settlePromise0 (https://welcome.kapten.com/__cypress/runner/cypress_runner.js:130262:10)
    at Promise._settlePromises (https://welcome.kapten.com/__cypress/runner/cypress_runner.js:130341:18)
    at Async._drainQueue (https://welcome.kapten.com/__cypress/runner/cypress_runner.js:127066:16)
    at Async._drainQueues (https://welcome.kapten.com/__cypress/runner/cypress_runner.js:127076:10)]]></failure>
    </testcase>
  </testsuite>
</testsuites>