<?xml version="1.0" encoding="UTF-8"?>
<testsuites name="Mocha Tests" time="10.383000000000001" tests="5" failures="0">
  <testsuite name="Root Suite" timestamp="2019-06-14T02:27:15" tests="0" failures="0" time="0">
  </testsuite>
  <testsuite name="Unsuccessful signup feature" timestamp="2019-06-14T02:27:15" tests="5" failures="0" time="10.383000000000001">
    <testcase name="Unsuccessful signup feature User cannot sign up with a invalid user name or password" time="3.877" classname="User cannot sign up with a invalid user name or password">
    </testcase>
    <testcase name="Unsuccessful signup feature User cannot sign up with a invalid user name or password" time="1.605" classname="User cannot sign up with a invalid user name or password">
    </testcase>
    <testcase name="Unsuccessful signup feature User cannot sign up with a invalid user name or password" time="1.679" classname="User cannot sign up with a invalid user name or password">
    </testcase>
    <testcase name="Unsuccessful signup feature User cannot sign up with a invalid user name or password" time="1.659" classname="User cannot sign up with a invalid user name or password">
    </testcase>
    <testcase name="Unsuccessful signup feature User cannot sign up with a invalid user name or password" time="1.563" classname="User cannot sign up with a invalid user name or password">
    </testcase>
  </testsuite>
</testsuites>