<?xml version="1.0" encoding="UTF-8"?>
<testsuites name="Mocha Tests" time="0" tests="1" failures="1">
  <testsuite name="Root Suite" timestamp="2019-06-13T03:30:34" tests="0" failures="0" time="0">
  </testsuite>
  <testsuite name="Search Google with a Long Task before" timestamp="2019-06-13T03:30:34" tests="1" failures="1" time="0">
    <testcase name="Search Google with a Long Task before Common search" time="0" classname="Common search">
      <failure message="(0 , _executeCommand.default) is not a function" type="TypeError"><![CDATA[TypeError: (0 , _executeCommand.default) is not a function
    at Context.<anonymous> (https://www.google.com/__cypress/tests?p=cypress/integration/google-long-task/long-task-and-search.feature-712:61:31)
    at Context.resolveAndRunStepDefinition (https://www.google.com/__cypress/tests?p=cypress/integration/google-long-task/long-task-and-search.feature-712:6113:9)
    at Context.stepTest (https://www.google.com/__cypress/tests?p=cypress/integration/google-long-task/long-task-and-search.feature-712:5870:31)
    at https://www.google.com/__cypress/tests?p=cypress/integration/google-long-task/long-task-and-search.feature-712:5915:47
    at Array.forEach (<anonymous>)
    at Context.<anonymous> (https://www.google.com/__cypress/tests?p=cypress/integration/google-long-task/long-task-and-search.feature-712:5915:22)]]></failure>
    </testcase>
  </testsuite>
</testsuites>