<?xml version="1.0" encoding="UTF-8"?>
<testsuites name="Mocha Tests" time="11.998999999999999" tests="5" failures="0">
  <testsuite name="Root Suite" timestamp="2019-06-14T03:54:16" tests="0" failures="0" time="0">
  </testsuite>
  <testsuite name="Unsuccessful signup feature" timestamp="2019-06-14T03:54:16" tests="5" failures="0" time="11.998999999999999">
    <testcase name="Unsuccessful signup feature User cannot sign up with a invalid user name or password" time="4.89" classname="User cannot sign up with a invalid user name or password">
    </testcase>
    <testcase name="Unsuccessful signup feature User cannot sign up with a invalid user name or password" time="1.714" classname="User cannot sign up with a invalid user name or password">
    </testcase>
    <testcase name="Unsuccessful signup feature User cannot sign up with a invalid user name or password" time="1.786" classname="User cannot sign up with a invalid user name or password">
    </testcase>
    <testcase name="Unsuccessful signup feature User cannot sign up with a invalid user name or password" time="1.808" classname="User cannot sign up with a invalid user name or password">
    </testcase>
    <testcase name="Unsuccessful signup feature User cannot sign up with a invalid user name or password" time="1.801" classname="User cannot sign up with a invalid user name or password">
    </testcase>
  </testsuite>
</testsuites>