<?xml version="1.0" encoding="UTF-8"?>
<testsuites name="Mocha Tests" time="12.212" tests="5" failures="0">
  <testsuite name="Root Suite" timestamp="2019-06-13T23:54:48" tests="0" failures="0" time="0">
  </testsuite>
  <testsuite name="Unsuccessful signup feature" timestamp="2019-06-13T23:54:48" tests="5" failures="0" time="12.212">
    <testcase name="Unsuccessful signup feature User cannot sign up with a invalid user name or password" time="5.073" classname="User cannot sign up with a invalid user name or password">
    </testcase>
    <testcase name="Unsuccessful signup feature User cannot sign up with a invalid user name or password" time="1.69" classname="User cannot sign up with a invalid user name or password">
    </testcase>
    <testcase name="Unsuccessful signup feature User cannot sign up with a invalid user name or password" time="2.179" classname="User cannot sign up with a invalid user name or password">
    </testcase>
    <testcase name="Unsuccessful signup feature User cannot sign up with a invalid user name or password" time="1.692" classname="User cannot sign up with a invalid user name or password">
    </testcase>
    <testcase name="Unsuccessful signup feature User cannot sign up with a invalid user name or password" time="1.578" classname="User cannot sign up with a invalid user name or password">
    </testcase>
  </testsuite>
</testsuites>