<?xml version="1.0" encoding="UTF-8"?>
<testsuites name="Mocha Tests" time="11.677" tests="5" failures="0">
  <testsuite name="Root Suite" timestamp="2019-06-14T02:38:15" tests="0" failures="0" time="0">
  </testsuite>
  <testsuite name="Unsuccessful signup feature" timestamp="2019-06-14T02:38:15" tests="5" failures="0" time="11.677">
    <testcase name="Unsuccessful signup feature User cannot sign up with a invalid user name or password" time="4.817" classname="User cannot sign up with a invalid user name or password">
    </testcase>
    <testcase name="Unsuccessful signup feature User cannot sign up with a invalid user name or password" time="1.762" classname="User cannot sign up with a invalid user name or password">
    </testcase>
    <testcase name="Unsuccessful signup feature User cannot sign up with a invalid user name or password" time="1.732" classname="User cannot sign up with a invalid user name or password">
    </testcase>
    <testcase name="Unsuccessful signup feature User cannot sign up with a invalid user name or password" time="1.808" classname="User cannot sign up with a invalid user name or password">
    </testcase>
    <testcase name="Unsuccessful signup feature User cannot sign up with a invalid user name or password" time="1.558" classname="User cannot sign up with a invalid user name or password">
    </testcase>
  </testsuite>
</testsuites>