<?xml version="1.0" encoding="UTF-8"?>
<testsuites name="Mocha Tests" time="10.674" tests="5" failures="0">
  <testsuite name="Root Suite" timestamp="2019-06-14T02:42:45" tests="0" failures="0" time="0">
  </testsuite>
  <testsuite name="Unsuccessful signup feature" timestamp="2019-06-14T02:42:45" tests="5" failures="0" time="10.674">
    <testcase name="Unsuccessful signup feature User cannot sign up with a invalid user name or password" time="4.039" classname="User cannot sign up with a invalid user name or password">
    </testcase>
    <testcase name="Unsuccessful signup feature User cannot sign up with a invalid user name or password" time="1.584" classname="User cannot sign up with a invalid user name or password">
    </testcase>
    <testcase name="Unsuccessful signup feature User cannot sign up with a invalid user name or password" time="1.772" classname="User cannot sign up with a invalid user name or password">
    </testcase>
    <testcase name="Unsuccessful signup feature User cannot sign up with a invalid user name or password" time="1.691" classname="User cannot sign up with a invalid user name or password">
    </testcase>
    <testcase name="Unsuccessful signup feature User cannot sign up with a invalid user name or password" time="1.588" classname="User cannot sign up with a invalid user name or password">
    </testcase>
  </testsuite>
</testsuites>