<?xml version="1.0" encoding="UTF-8"?>
<testsuites name="Mocha Tests" time="0" tests="1" failures="1">
  <testsuite name="Root Suite" timestamp="2019-06-14T03:35:30" tests="0" failures="0" time="0">
  </testsuite>
  <testsuite name="Successful login feature" timestamp="2019-06-14T03:35:30" tests="1" failures="1" time="0">
    <testcase name="Successful login feature User can sign in with a valid user name and password" time="0" classname="User can sign in with a valid user name and password">
      <failure message="Step implementation missing for: I am on the sign in page" type="Error"><![CDATA[Error: Step implementation missing for: I am on the sign in page
    at Context.resolveAndRunStepDefinition (https://welcome.kapten.com/__cypress/tests?p=cypress/integration/sign-in/sign-in-positive.feature-818:5948:11)
    at Context.stepTest (https://welcome.kapten.com/__cypress/tests?p=cypress/integration/sign-in/sign-in-positive.feature-818:5702:31)
    at https://welcome.kapten.com/__cypress/tests?p=cypress/integration/sign-in/sign-in-positive.feature-818:5747:47
    at Array.forEach (<anonymous>)
    at Context.<anonymous> (https://welcome.kapten.com/__cypress/tests?p=cypress/integration/sign-in/sign-in-positive.feature-818:5747:22)]]></failure>
    </testcase>
  </testsuite>
</testsuites>