<?xml version="1.0" encoding="UTF-8"?>
<testsuites name="Mocha Tests" time="12.902000000000003" tests="5" failures="0">
  <testsuite name="Root Suite" timestamp="2019-06-14T02:35:35" tests="0" failures="0" time="0">
  </testsuite>
  <testsuite name="Unsuccessful signup feature" timestamp="2019-06-14T02:35:35" tests="5" failures="0" time="12.902000000000003">
    <testcase name="Unsuccessful signup feature User cannot sign up with a invalid user name or password" time="4.722" classname="User cannot sign up with a invalid user name or password">
    </testcase>
    <testcase name="Unsuccessful signup feature User cannot sign up with a invalid user name or password" time="2.353" classname="User cannot sign up with a invalid user name or password">
    </testcase>
    <testcase name="Unsuccessful signup feature User cannot sign up with a invalid user name or password" time="2.291" classname="User cannot sign up with a invalid user name or password">
    </testcase>
    <testcase name="Unsuccessful signup feature User cannot sign up with a invalid user name or password" time="1.813" classname="User cannot sign up with a invalid user name or password">
    </testcase>
    <testcase name="Unsuccessful signup feature User cannot sign up with a invalid user name or password" time="1.723" classname="User cannot sign up with a invalid user name or password">
    </testcase>
  </testsuite>
</testsuites>