<?xml version="1.0" encoding="UTF-8"?>
<testsuites name="Mocha Tests" time="0" tests="1" failures="1">
  <testsuite name="Root Suite" timestamp="2019-06-13T21:50:49" tests="0" failures="0" time="0">
  </testsuite>
  <testsuite name="Search Google" timestamp="2019-06-13T21:50:49" tests="1" failures="1" time="0">
    <testcase name="Search Google Common search" time="0" classname="Common search">
      <failure message="Step implementation missing for: I&apos;m at Google" type="Error"><![CDATA[Error: Step implementation missing for: I'm at Google
    at Context.resolveAndRunStepDefinition (https://welcome.kapten.com/__cypress/tests?p=cypress/integration/sign-up/search.feature-181:5927:11)
    at Context.stepTest (https://welcome.kapten.com/__cypress/tests?p=cypress/integration/sign-up/search.feature-181:5681:31)
    at https://welcome.kapten.com/__cypress/tests?p=cypress/integration/sign-up/search.feature-181:5726:47
    at Array.forEach (<anonymous>)
    at Context.<anonymous> (https://welcome.kapten.com/__cypress/tests?p=cypress/integration/sign-up/search.feature-181:5726:22)]]></failure>
    </testcase>
  </testsuite>
</testsuites>