<?xml version="1.0" encoding="UTF-8"?>
<testsuites name="Mocha Tests" time="11.575" tests="5" failures="0">
  <testsuite name="Root Suite" timestamp="2019-06-14T02:46:12" tests="0" failures="0" time="0">
  </testsuite>
  <testsuite name="Unsuccessful signup feature" timestamp="2019-06-14T02:46:12" tests="5" failures="0" time="11.575">
    <testcase name="Unsuccessful signup feature User cannot sign up with a invalid user name or password" time="4.849" classname="User cannot sign up with a invalid user name or password">
    </testcase>
    <testcase name="Unsuccessful signup feature User cannot sign up with a invalid user name or password" time="1.608" classname="User cannot sign up with a invalid user name or password">
    </testcase>
    <testcase name="Unsuccessful signup feature User cannot sign up with a invalid user name or password" time="1.703" classname="User cannot sign up with a invalid user name or password">
    </testcase>
    <testcase name="Unsuccessful signup feature User cannot sign up with a invalid user name or password" time="1.703" classname="User cannot sign up with a invalid user name or password">
    </testcase>
    <testcase name="Unsuccessful signup feature User cannot sign up with a invalid user name or password" time="1.712" classname="User cannot sign up with a invalid user name or password">
    </testcase>
  </testsuite>
</testsuites>