<?xml version="1.0" encoding="UTF-8"?>
<testsuites name="Mocha Tests" time="13.460999999999999" tests="5" failures="0">
  <testsuite name="Root Suite" timestamp="2019-06-14T01:42:02" tests="0" failures="0" time="0">
  </testsuite>
  <testsuite name="Unsuccessful signup feature" timestamp="2019-06-14T01:42:02" tests="5" failures="0" time="13.460999999999999">
    <testcase name="Unsuccessful signup feature User cannot sign up with a invalid user name or password" time="5.153" classname="User cannot sign up with a invalid user name or password">
    </testcase>
    <testcase name="Unsuccessful signup feature User cannot sign up with a invalid user name or password" time="1.805" classname="User cannot sign up with a invalid user name or password">
    </testcase>
    <testcase name="Unsuccessful signup feature User cannot sign up with a invalid user name or password" time="1.964" classname="User cannot sign up with a invalid user name or password">
    </testcase>
    <testcase name="Unsuccessful signup feature User cannot sign up with a invalid user name or password" time="1.908" classname="User cannot sign up with a invalid user name or password">
    </testcase>
    <testcase name="Unsuccessful signup feature User cannot sign up with a invalid user name or password" time="2.631" classname="User cannot sign up with a invalid user name or password">
    </testcase>
  </testsuite>
</testsuites>