<?xml version="1.0" encoding="UTF-8"?>
<testsuites name="Mocha Tests" time="11.127" tests="5" failures="0">
  <testsuite name="Root Suite" timestamp="2019-06-13T23:59:10" tests="0" failures="0" time="0">
  </testsuite>
  <testsuite name="Unsuccessful signup feature" timestamp="2019-06-13T23:59:10" tests="5" failures="0" time="11.127">
    <testcase name="Unsuccessful signup feature User cannot sign up with a invalid user name or password" time="4.365" classname="User cannot sign up with a invalid user name or password">
    </testcase>
    <testcase name="Unsuccessful signup feature User cannot sign up with a invalid user name or password" time="1.591" classname="User cannot sign up with a invalid user name or password">
    </testcase>
    <testcase name="Unsuccessful signup feature User cannot sign up with a invalid user name or password" time="1.759" classname="User cannot sign up with a invalid user name or password">
    </testcase>
    <testcase name="Unsuccessful signup feature User cannot sign up with a invalid user name or password" time="1.71" classname="User cannot sign up with a invalid user name or password">
    </testcase>
    <testcase name="Unsuccessful signup feature User cannot sign up with a invalid user name or password" time="1.702" classname="User cannot sign up with a invalid user name or password">
    </testcase>
  </testsuite>
</testsuites>