<?xml version="1.0" encoding="UTF-8"?>
<testsuites name="Mocha Tests" time="4.128" tests="1" failures="0">
  <testsuite name="Root Suite" timestamp="2019-06-14T02:53:36" tests="0" failures="0" time="0">
  </testsuite>
  <testsuite name="Unsuccessful signup feature" timestamp="2019-06-14T02:53:36" tests="1" failures="0" time="4.128">
    <testcase name="Unsuccessful signup feature User cannot sign up with a invalid user name or password" time="4.128" classname="User cannot sign up with a invalid user name or password">
    </testcase>
  </testsuite>
</testsuites>