<?xml version="1.0" encoding="UTF-8"?>
<testsuites name="Mocha Tests" time="5.568" tests="1" failures="0">
  <testsuite name="Root Suite" timestamp="2019-06-13T21:33:10" tests="0" failures="0" time="0">
  </testsuite>
  <testsuite name="Forget password feature" timestamp="2019-06-13T21:33:10" tests="1" failures="0" time="5.568">
    <testcase name="Forget password feature Forgot password feature works" time="5.568" classname="Forgot password feature works">
    </testcase>
  </testsuite>
</testsuites>