<?xml version="1.0" encoding="UTF-8"?>
<testsuites name="Mocha Tests" time="3.845" tests="2" failures="1">
  <testsuite name="Root Suite" timestamp="2019-06-14T03:27:09" tests="0" failures="0" time="0">
  </testsuite>
  <testsuite name="Unsuccessful signup feature with already used phonenumber" timestamp="2019-06-14T03:27:09" tests="2" failures="1" time="3.845">
    <testcase name="Unsuccessful signup feature with already used phonenumber User cannot sign up with a already used phone number" time="0" classname="User cannot sign up with a already used phone number">
      <failure message="Timed out retrying: Expected to find content: &apos;this phone number is already in use!&apos; but never did." type="CypressError"><![CDATA[CypressError: Timed out retrying: Expected to find content: 'this phone number is already in use!' but never did.
    at Object.cypressErr (https://welcome.kapten.com/__cypress/runner/cypress_runner.js:83220:11)
    at Object.throwErr (https://welcome.kapten.com/__cypress/runner/cypress_runner.js:83185:18)
    at Object.throwErrByPath (https://welcome.kapten.com/__cypress/runner/cypress_runner.js:83212:17)
    at retry (https://welcome.kapten.com/__cypress/runner/cypress_runner.js:76640:16)
    at https://welcome.kapten.com/__cypress/runner/cypress_runner.js:68612:18
    at tryCatcher (https://welcome.kapten.com/__cypress/runner/cypress_runner.js:132142:23)
    at Promise._settlePromiseFromHandler (https://welcome.kapten.com/__cypress/runner/cypress_runner.js:130160:31)
    at Promise._settlePromise (https://welcome.kapten.com/__cypress/runner/cypress_runner.js:130217:18)
    at Promise._settlePromise0 (https://welcome.kapten.com/__cypress/runner/cypress_runner.js:130262:10)
    at Promise._settlePromises (https://welcome.kapten.com/__cypress/runner/cypress_runner.js:130337:18)
    at Async._drainQueue (https://welcome.kapten.com/__cypress/runner/cypress_runner.js:127066:16)
    at Async._drainQueues (https://welcome.kapten.com/__cypress/runner/cypress_runner.js:127076:10)
    at Async.drainQueues (https://welcome.kapten.com/__cypress/runner/cypress_runner.js:126950:14)]]></failure>
    </testcase>
    <testcase name="Unsuccessful signup feature with already used phonenumber User cannot sign up with a invalid phone number" time="3.845" classname="User cannot sign up with a invalid phone number">
    </testcase>
  </testsuite>
</testsuites>