<?xml version="1.0" encoding="UTF-8"?>
<testsuites name="Mocha Tests" time="0" tests="1" failures="1">
  <testsuite name="Root Suite" timestamp="2019-06-13T20:57:20" tests="0" failures="0" time="0">
  </testsuite>
  <testsuite name="Search Google" timestamp="2019-06-13T20:57:20" tests="1" failures="1" time="0">
    <testcase name="Search Google Common search" time="0" classname="Common search">
      <failure message="SEARCH_FIELD is not defined" type="ReferenceError"><![CDATA[ReferenceError: SEARCH_FIELD is not defined
    at Function.type (https://welcome.kapten.com/__cypress/tests?p=cypress/integration/sign-in/sign-in-negative.feature-699:152:14)
    at Context.<anonymous> (https://welcome.kapten.com/__cypress/tests?p=cypress/integration/sign-in/sign-in-negative.feature-699:14:29)
    at Context.resolveAndRunStepDefinition (https://welcome.kapten.com/__cypress/tests?p=cypress/integration/sign-in/sign-in-negative.feature-699:6126:9)
    at Context.stepTest (https://welcome.kapten.com/__cypress/tests?p=cypress/integration/sign-in/sign-in-negative.feature-699:5883:31)
    at https://welcome.kapten.com/__cypress/tests?p=cypress/integration/sign-in/sign-in-negative.feature-699:5928:47
    at Array.forEach (<anonymous>)
    at Context.<anonymous> (https://welcome.kapten.com/__cypress/tests?p=cypress/integration/sign-in/sign-in-negative.feature-699:5928:22)]]></failure>
    </testcase>
  </testsuite>
</testsuites>