<?xml version="1.0" encoding="UTF-8"?>
<testsuites name="Mocha Tests" time="11.588000000000001" tests="5" failures="0">
  <testsuite name="Root Suite" timestamp="2019-06-14T01:13:58" tests="0" failures="0" time="0">
  </testsuite>
  <testsuite name="Unsuccessful signup feature" timestamp="2019-06-14T01:13:58" tests="5" failures="0" time="11.588000000000001">
    <testcase name="Unsuccessful signup feature User cannot sign up with a invalid user name or password" time="4.884" classname="User cannot sign up with a invalid user name or password">
    </testcase>
    <testcase name="Unsuccessful signup feature User cannot sign up with a invalid user name or password" time="1.7" classname="User cannot sign up with a invalid user name or password">
    </testcase>
    <testcase name="Unsuccessful signup feature User cannot sign up with a invalid user name or password" time="1.723" classname="User cannot sign up with a invalid user name or password">
    </testcase>
    <testcase name="Unsuccessful signup feature User cannot sign up with a invalid user name or password" time="1.659" classname="User cannot sign up with a invalid user name or password">
    </testcase>
    <testcase name="Unsuccessful signup feature User cannot sign up with a invalid user name or password" time="1.622" classname="User cannot sign up with a invalid user name or password">
    </testcase>
  </testsuite>
</testsuites>