<?xml version="1.0" encoding="UTF-8"?>
<testsuites name="Mocha Tests" time="10.677" tests="5" failures="0">
  <testsuite name="Root Suite" timestamp="2019-06-14T01:27:49" tests="0" failures="0" time="0">
  </testsuite>
  <testsuite name="Unsuccessful signup feature" timestamp="2019-06-14T01:27:49" tests="5" failures="0" time="10.677">
    <testcase name="Unsuccessful signup feature User cannot sign up with a invalid user name or password" time="3.818" classname="User cannot sign up with a invalid user name or password">
    </testcase>
    <testcase name="Unsuccessful signup feature User cannot sign up with a invalid user name or password" time="1.563" classname="User cannot sign up with a invalid user name or password">
    </testcase>
    <testcase name="Unsuccessful signup feature User cannot sign up with a invalid user name or password" time="1.737" classname="User cannot sign up with a invalid user name or password">
    </testcase>
    <testcase name="Unsuccessful signup feature User cannot sign up with a invalid user name or password" time="1.898" classname="User cannot sign up with a invalid user name or password">
    </testcase>
    <testcase name="Unsuccessful signup feature User cannot sign up with a invalid user name or password" time="1.661" classname="User cannot sign up with a invalid user name or password">
    </testcase>
  </testsuite>
</testsuites>