<?xml version="1.0" encoding="UTF-8"?>
<testsuites name="Mocha Tests" time="0" tests="1" failures="1">
  <testsuite name="Root Suite" timestamp="2019-06-13T17:10:52" tests="0" failures="0" time="0">
  </testsuite>
  <testsuite name="Forget password feature" timestamp="2019-06-13T17:10:52" tests="1" failures="1" time="0">
    <testcase name="Forget password feature Forgot password feature works" time="0" classname="Forgot password feature works">
      <failure message="Timed out retrying: Expected to find element: &apos;input[type=submit]&apos;, but never found it." type="CypressError"><![CDATA[CypressError: Timed out retrying: Expected to find element: 'input[type=submit]', but never found it.
    at Object.cypressErr (https://www.google.com/__cypress/runner/cypress_runner.js:83220:11)
    at Object.throwErr (https://www.google.com/__cypress/runner/cypress_runner.js:83185:18)
    at Object.throwErrByPath (https://www.google.com/__cypress/runner/cypress_runner.js:83212:17)
    at retry (https://www.google.com/__cypress/runner/cypress_runner.js:76640:16)
    at https://www.google.com/__cypress/runner/cypress_runner.js:68612:18
    at tryCatcher (https://www.google.com/__cypress/runner/cypress_runner.js:132142:23)
    at Promise._settlePromiseFromHandler (https://www.google.com/__cypress/runner/cypress_runner.js:130160:31)
    at Promise._settlePromise (https://www.google.com/__cypress/runner/cypress_runner.js:130217:18)
    at Promise._settlePromise0 (https://www.google.com/__cypress/runner/cypress_runner.js:130262:10)
    at Promise._settlePromises (https://www.google.com/__cypress/runner/cypress_runner.js:130337:18)
    at Async._drainQueue (https://www.google.com/__cypress/runner/cypress_runner.js:127066:16)
    at Async._drainQueues (https://www.google.com/__cypress/runner/cypress_runner.js:127076:10)
    at Async.drainQueues (https://www.google.com/__cypress/runner/cypress_runner.js:126950:14)]]></failure>
    </testcase>
  </testsuite>
</testsuites>