<?xml version="1.0" encoding="UTF-8"?>
<testsuites name="Mocha Tests" time="12.640999999999998" tests="5" failures="0">
  <testsuite name="Root Suite" timestamp="2019-06-14T02:48:42" tests="0" failures="0" time="0">
  </testsuite>
  <testsuite name="Unsuccessful signup feature" timestamp="2019-06-14T02:48:42" tests="5" failures="0" time="12.640999999999998">
    <testcase name="Unsuccessful signup feature User cannot sign up with a invalid user name or password" time="5.358" classname="User cannot sign up with a invalid user name or password">
    </testcase>
    <testcase name="Unsuccessful signup feature User cannot sign up with a invalid user name or password" time="1.796" classname="User cannot sign up with a invalid user name or password">
    </testcase>
    <testcase name="Unsuccessful signup feature User cannot sign up with a invalid user name or password" time="1.79" classname="User cannot sign up with a invalid user name or password">
    </testcase>
    <testcase name="Unsuccessful signup feature User cannot sign up with a invalid user name or password" time="1.94" classname="User cannot sign up with a invalid user name or password">
    </testcase>
    <testcase name="Unsuccessful signup feature User cannot sign up with a invalid user name or password" time="1.757" classname="User cannot sign up with a invalid user name or password">
    </testcase>
  </testsuite>
</testsuites>