<?xml version="1.0" encoding="UTF-8"?>
<testsuites name="Mocha Tests" time="0" tests="1" failures="1">
  <testsuite name="Root Suite" timestamp="2019-06-14T02:58:01" tests="0" failures="0" time="0">
  </testsuite>
  <testsuite name="Unsuccessful signup feature" timestamp="2019-06-14T02:58:01" tests="1" failures="1" time="0">
    <testcase name="Unsuccessful signup feature User cannot sign up with a invalid user name or password" time="0" classname="User cannot sign up with a invalid user name or password">
      <failure message="Step implementation missing for: And I enter Chirag as firstname and Verma as lastname and canada as code and 6478653912 as phonenumber" type="Error"><![CDATA[Error: Step implementation missing for: And I enter Chirag as firstname and Verma as lastname and canada as code and 6478653912 as phonenumber
    at Context.resolveAndRunStepDefinition (https://welcome.kapten.com/__cypress/tests?p=cypress/integration/sign-up/sign-up-negative-phone.feature-252:6109:11)
    at Context.stepTest (https://welcome.kapten.com/__cypress/tests?p=cypress/integration/sign-up/sign-up-negative-phone.feature-252:5863:31)
    at https://welcome.kapten.com/__cypress/tests?p=cypress/integration/sign-up/sign-up-negative-phone.feature-252:5908:47
    at Array.forEach (<anonymous>)
    at Context.<anonymous> (https://welcome.kapten.com/__cypress/tests?p=cypress/integration/sign-up/sign-up-negative-phone.feature-252:5908:22)]]></failure>
    </testcase>
  </testsuite>
</testsuites>