<?xml version="1.0" encoding="UTF-8"?>
<testsuites name="Mocha Tests" time="12.092" tests="5" failures="0">
  <testsuite name="Root Suite" timestamp="2019-06-14T02:28:45" tests="0" failures="0" time="0">
  </testsuite>
  <testsuite name="Unsuccessful signup feature" timestamp="2019-06-14T02:28:45" tests="5" failures="0" time="12.092">
    <testcase name="Unsuccessful signup feature User cannot sign up with a invalid user name or password" time="4.773" classname="User cannot sign up with a invalid user name or password">
    </testcase>
    <testcase name="Unsuccessful signup feature User cannot sign up with a invalid user name or password" time="1.81" classname="User cannot sign up with a invalid user name or password">
    </testcase>
    <testcase name="Unsuccessful signup feature User cannot sign up with a invalid user name or password" time="1.927" classname="User cannot sign up with a invalid user name or password">
    </testcase>
    <testcase name="Unsuccessful signup feature User cannot sign up with a invalid user name or password" time="1.907" classname="User cannot sign up with a invalid user name or password">
    </testcase>
    <testcase name="Unsuccessful signup feature User cannot sign up with a invalid user name or password" time="1.675" classname="User cannot sign up with a invalid user name or password">
    </testcase>
  </testsuite>
</testsuites>