<?xml version="1.0" encoding="UTF-8"?>
<testsuites name="Mocha Tests" time="0" tests="1" failures="1">
  <testsuite name="Root Suite" timestamp="2019-06-13T18:14:02" tests="0" failures="0" time="0">
  </testsuite>
  <testsuite name="Forget password feature" timestamp="2019-06-13T18:14:02" tests="1" failures="1" time="0">
    <testcase name="Forget password feature Forgot password feature works" time="0" classname="Forgot password feature works">
      <failure message="cy.type() can only accept a String or Number. You passed in: &apos;undefined&apos;" type="CypressError"><![CDATA[CypressError: cy.type() can only accept a String or Number. You passed in: 'undefined'
    at Object.cypressErr (https://welcome.kapten.com/__cypress/runner/cypress_runner.js:83220:11)
    at Object.throwErr (https://welcome.kapten.com/__cypress/runner/cypress_runner.js:83185:18)
    at Object.throwErrByPath (https://welcome.kapten.com/__cypress/runner/cypress_runner.js:83212:17)
    at Context.type (https://welcome.kapten.com/__cypress/runner/cypress_runner.js:70568:16)
    at Context.<anonymous> (https://welcome.kapten.com/__cypress/runner/cypress_runner.js:79014:21)
    at https://welcome.kapten.com/__cypress/runner/cypress_runner.js:78719:33
    at tryCatcher (https://welcome.kapten.com/__cypress/runner/cypress_runner.js:132142:23)
    at Promise._settlePromiseFromHandler (https://welcome.kapten.com/__cypress/runner/cypress_runner.js:130160:31)
    at Promise._settlePromise (https://welcome.kapten.com/__cypress/runner/cypress_runner.js:130217:18)
    at Promise._settlePromiseCtx (https://welcome.kapten.com/__cypress/runner/cypress_runner.js:130254:10)
    at Async._drainQueue (https://welcome.kapten.com/__cypress/runner/cypress_runner.js:127071:12)
    at Async._drainQueues (https://welcome.kapten.com/__cypress/runner/cypress_runner.js:127076:10)
    at Async.drainQueues (https://welcome.kapten.com/__cypress/runner/cypress_runner.js:126950:14)]]></failure>
    </testcase>
  </testsuite>
</testsuites>