<?xml version="1.0" encoding="UTF-8"?>
<testsuites name="Mocha Tests" time="14.434999999999999" tests="5" failures="0">
  <testsuite name="Root Suite" timestamp="2019-06-14T01:40:33" tests="0" failures="0" time="0">
  </testsuite>
  <testsuite name="Unsuccessful signup feature" timestamp="2019-06-14T01:40:33" tests="5" failures="0" time="14.434999999999999">
    <testcase name="Unsuccessful signup feature User cannot sign up with a invalid user name or password" time="5.372" classname="User cannot sign up with a invalid user name or password">
    </testcase>
    <testcase name="Unsuccessful signup feature User cannot sign up with a invalid user name or password" time="1.773" classname="User cannot sign up with a invalid user name or password">
    </testcase>
    <testcase name="Unsuccessful signup feature User cannot sign up with a invalid user name or password" time="1.756" classname="User cannot sign up with a invalid user name or password">
    </testcase>
    <testcase name="Unsuccessful signup feature User cannot sign up with a invalid user name or password" time="3.779" classname="User cannot sign up with a invalid user name or password">
    </testcase>
    <testcase name="Unsuccessful signup feature User cannot sign up with a invalid user name or password" time="1.755" classname="User cannot sign up with a invalid user name or password">
    </testcase>
  </testsuite>
</testsuites>