<?xml version="1.0" encoding="UTF-8"?>
<testsuites name="Mocha Tests" time="10.422999999999998" tests="5" failures="0">
  <testsuite name="Root Suite" timestamp="2019-06-14T00:32:27" tests="0" failures="0" time="0">
  </testsuite>
  <testsuite name="Unsuccessful signup feature" timestamp="2019-06-14T00:32:27" tests="5" failures="0" time="10.422999999999998">
    <testcase name="Unsuccessful signup feature User cannot sign up with a invalid user name or password" time="3.881" classname="User cannot sign up with a invalid user name or password">
    </testcase>
    <testcase name="Unsuccessful signup feature User cannot sign up with a invalid user name or password" time="1.572" classname="User cannot sign up with a invalid user name or password">
    </testcase>
    <testcase name="Unsuccessful signup feature User cannot sign up with a invalid user name or password" time="1.651" classname="User cannot sign up with a invalid user name or password">
    </testcase>
    <testcase name="Unsuccessful signup feature User cannot sign up with a invalid user name or password" time="1.686" classname="User cannot sign up with a invalid user name or password">
    </testcase>
    <testcase name="Unsuccessful signup feature User cannot sign up with a invalid user name or password" time="1.633" classname="User cannot sign up with a invalid user name or password">
    </testcase>
  </testsuite>
</testsuites>